# JRE version: Java(TM) SE Runtime Environment (8.0_111-b14) (build 1.8.0_111-b14)
# Java VM: Java HotSpot(TM) 64-Bit Server VM (25.111-b14 mixed mode windows-amd64 compressed oops)
Heap:
 PSYoungGen      total 480256K, used 244930K [0x00000000e0000000, 0x00000000fff00000, 0x0000000100000000)
  eden space 440320K, 50% used [0x00000000e0000000,0x00000000edadd7a0,0x00000000fae00000)
  from space 39936K, 52% used [0x00000000fae00000,0x00000000fc253430,0x00000000fd500000)
  to   space 38400K, 0% used [0x00000000fd980000,0x00000000fd980000,0x00000000fff00000)
 ParOldGen       total 455168K, used 209045K [0x00000000a0000000, 0x00000000bbc80000, 0x00000000e0000000)
  object space 455168K, 45% used [0x00000000a0000000,0x00000000acc25498,0x00000000bbc80000)
 Metaspace       used 118614K, capacity 128436K, committed 128600K, reserved 1161216K
  class space    used 16092K, capacity 17732K, committed 17792K, reserved 1048576K
GC Heap History (10 events):
Event: 4699.747 GC heap before
{Heap before GC invocations=41 (full 11):
 PSYoungGen      total 484352K, used 397830K [0x00000000e0000000, 0x0000000100000000, 0x0000000100000000)
  eden space 448000K, 88% used [0x00000000e0000000,0x00000000f8481970,0x00000000fb580000)
  from space 36352K, 0% used [0x00000000fb580000,0x00000000fb580000,0x00000000fd900000)
  to   space 39936K, 0% used [0x00000000fd900000,0x00000000fd900000,0x0000000100000000)
 ParOldGen       total 466432K, used 170312K [0x00000000a0000000, 0x00000000bc780000, 0x00000000e0000000)
  object space 466432K, 36% used [0x00000000a0000000,0x00000000aa652058,0x00000000bc780000)
 Metaspace       used 107888K, capacity 114962K, committed 115288K, reserved 1148928K
  class space    used 14633K, capacity 15873K, committed 16000K, reserved 1048576K
Event: 4701.612 GC heap after
Heap after GC invocations=41 (full 11):
 PSYoungGen      total 478208K, used 32389K [0x00000000e0000000, 0x0000000100000000, 0x0000000100000000)
  eden space 438272K, 0% used [0x00000000e0000000,0x00000000e0000000,0x00000000fac00000)
  from space 39936K, 81% used [0x00000000fd900000,0x00000000ff8a14d0,0x0000000100000000)
  to   space 43008K, 0% used [0x00000000fac00000,0x00000000fac00000,0x00000000fd600000)
 ParOldGen       total 466432K, used 285665K [0x00000000a0000000, 0x00000000bc780000, 0x00000000e0000000)
  object space 466432K, 61% used [0x00000000a0000000,0x00000000b16f8508,0x00000000bc780000)
 Metaspace       used 107888K, capacity 114962K, committed 115288K, reserved 1148928K
  class space    used 14633K, capacity 15873K, committed 16000K, reserved 1048576K
}
Event: 5920.350 GC heap before
{Heap before GC invocations=42 (full 11):
 PSYoungGen      total 478208K, used 470657K [0x00000000e0000000, 0x0000000100000000, 0x0000000100000000)
  eden space 438272K, 99% used [0x00000000e0000000,0x00000000fabfef38,0x00000000fac00000)
  from space 39936K, 81% used [0x00000000fd900000,0x00000000ff8a14d0,0x0000000100000000)
  to   space 43008K, 0% used [0x00000000fac00000,0x00000000fac00000,0x00000000fd600000)
 ParOldGen       total 466432K, used 285665K [0x00000000a0000000, 0x00000000bc780000, 0x00000000e0000000)
  object space 466432K, 61% used [0x00000000a0000000,0x00000000b16f8508,0x00000000bc780000)
 Metaspace       used 108081K, capacity 115278K, committed 115544K, reserved 1148928K
  class space    used 14638K, capacity 15883K, committed 16000K, reserved 1048576K
Event: 5920.924 GC heap after
Heap after GC invocations=42 (full 11):
 PSYoungGen      total 481280K, used 19803K [0x00000000e0000000, 0x00000000fff00000, 0x0000000100000000)
  eden space 438272K, 0% used [0x00000000e0000000,0x00000000e0000000,0x00000000fac00000)
  from space 43008K, 46% used [0x00000000fac00000,0x00000000fbf56e38,0x00000000fd600000)
  to   space 40960K, 0% used [0x00000000fd700000,0x00000000fd700000,0x00000000fff00000)
 ParOldGen       total 466432K, used 324164K [0x00000000a0000000, 0x00000000bc780000, 0x00000000e0000000)
  object space 466432K, 69% used [0x00000000a0000000,0x00000000b3c912c8,0x00000000bc780000)
 Metaspace       used 108081K, capacity 115278K, committed 115544K, reserved 1148928K
  class space    used 14638K, capacity 15883K, committed 16000K, reserved 1048576K
}
Event: 5920.924 GC heap before
{Heap before GC invocations=43 (full 12):
 PSYoungGen      total 481280K, used 19803K [0x00000000e0000000, 0x00000000fff00000, 0x0000000100000000)
  eden space 438272K, 0% used [0x00000000e0000000,0x00000000e0000000,0x00000000fac00000)
  from space 43008K, 46% used [0x00000000fac00000,0x00000000fbf56e38,0x00000000fd600000)
  to   space 40960K, 0% used [0x00000000fd700000,0x00000000fd700000,0x00000000fff00000)
 ParOldGen       total 466432K, used 324164K [0x00000000a0000000, 0x00000000bc780000, 0x00000000e0000000)
  object space 466432K, 69% used [0x00000000a0000000,0x00000000b3c912c8,0x00000000bc780000)
 Metaspace       used 108081K, capacity 115278K, committed 115544K, reserved 1148928K
  class space    used 14638K, capacity 15883K, committed 16000K, reserved 1048576K
Event: 5924.504 GC heap after
Heap after GC invocations=43 (full 12):
 PSYoungGen      total 481280K, used 0K [0x00000000e0000000, 0x00000000fff00000, 0x0000000100000000)
  eden space 438272K, 0% used [0x00000000e0000000,0x00000000e0000000,0x00000000fac00000)
  from space 43008K, 0% used [0x00000000fac00000,0x00000000fac00000,0x00000000fd600000)
  to   space 40960K, 0% used [0x00000000fd700000,0x00000000fd700000,0x00000000fff00000)
 ParOldGen       total 455168K, used 132037K [0x00000000a0000000, 0x00000000bbc80000, 0x00000000e0000000)
  object space 455168K, 29% used [0x00000000a0000000,0x00000000a80f1608,0x00000000bbc80000)
 Metaspace       used 108066K, capacity 115254K, committed 115544K, reserved 1148928K
  class space    used 14636K, capacity 15879K, committed 16000K, reserved 1048576K
}
Event: 6547.034 GC heap before
{Heap before GC invocations=44 (full 12):
 PSYoungGen      total 481280K, used 437517K [0x00000000e0000000, 0x00000000fff00000, 0x0000000100000000)
  eden space 438272K, 99% used [0x00000000e0000000,0x00000000fab43548,0x00000000fac00000)
  from space 43008K, 0% used [0x00000000fac00000,0x00000000fac00000,0x00000000fd600000)
  to   space 40960K, 0% used [0x00000000fd700000,0x00000000fd700000,0x00000000fff00000)
 ParOldGen       total 455168K, used 132037K [0x00000000a0000000, 0x00000000bbc80000, 0x00000000e0000000)
  object space 455168K, 29% used [0x00000000a0000000,0x00000000a80f1608,0x00000000bbc80000)
 Metaspace       used 108745K, capacity 116194K, committed 116440K, reserved 1148928K
  class space    used 14729K, capacity 16013K, committed 16128K, reserved 1048576K
Event: 6548.261 GC heap after
Heap after GC invocations=44 (full 12):
 PSYoungGen      total 478208K, used 23451K [0x00000000e0000000, 0x00000000ffc00000, 0x0000000100000000)
  eden space 440320K, 0% used [0x00000000e0000000,0x00000000e0000000,0x00000000fae00000)
  from space 37888K, 61% used [0x00000000fd700000,0x00000000fede6f48,0x00000000ffc00000)
  to   space 39936K, 0% used [0x00000000fae00000,0x00000000fae00000,0x00000000fd500000)
 ParOldGen       total 455168K, used 170537K [0x00000000a0000000, 0x00000000bbc80000, 0x00000000e0000000)
  object space 455168K, 37% used [0x00000000a0000000,0x00000000aa68a5b0,0x00000000bbc80000)
 Metaspace       used 108745K, capacity 116194K, committed 116440K, reserved 1148928K
  class space    used 14729K, capacity 16013K, committed 16128K, reserved 1048576K
}
Event: 9579.116 GC heap before
{Heap before GC invocations=45 (full 12):
 PSYoungGen      total 478208K, used 463728K [0x00000000e0000000, 0x00000000ffc00000, 0x0000000100000000)
  eden space 440320K, 99% used [0x00000000e0000000,0x00000000fadf5240,0x00000000fae00000)
  from space 37888K, 61% used [0x00000000fd700000,0x00000000fede6f48,0x00000000ffc00000)
  to   space 39936K, 0% used [0x00000000fae00000,0x00000000fae00000,0x00000000fd500000)
 ParOldGen       total 455168K, used 170537K [0x00000000a0000000, 0x00000000bbc80000, 0x00000000e0000000)
  object space 455168K, 37% used [0x00000000a0000000,0x00000000aa68a5b0,0x00000000bbc80000)
 Metaspace       used 110365K, capacity 119724K, committed 120024K, reserved 1153024K
  class space    used 15045K, capacity 16580K, committed 16640K, reserved 1048576K
Event: 9584.822 GC heap after
Heap after GC invocations=45 (full 12):
 PSYoungGen      total 480256K, used 20813K [0x00000000e0000000, 0x00000000fff00000, 0x0000000100000000)
  eden space 440320K, 0% used [0x00000000e0000000,0x00000000e0000000,0x00000000fae00000)
  from space 39936K, 52% used [0x00000000fae00000,0x00000000fc253430,0x00000000fd500000)
  to   space 38400K, 0% used [0x00000000fd980000,0x00000000fd980000,0x00000000fff00000)
 ParOldGen       total 455168K, used 209045K [0x00000000a0000000, 0x00000000bbc80000, 0x00000000e0000000)
  object space 455168K, 45% used [0x00000000a0000000,0x00000000acc25498,0x00000000bbc80000)
 Metaspace       used 110365K, capacity 119724K, committed 120024K, reserved 1153024K
  class space    used 15045K, capacity 16580K, committed 16640K, reserved 1048576K
}

